
> box-training-frontend@1.0.0 build
> ng build

- Building...

Prerendered 0 static routes.
Application bundle generation failed. [34.499 seconds]

✘ [ERROR] NG2: Type 'string | null' is not assignable to type 'string'.
  Type 'null' is not assignable to type 'string'. [plugin angular-compiler]

    src/app/shared/components/data-table/data-table.component.ts:113:19:
      113 │                   [mat-sort-header]="column.sortable ? column.key...
          ╵                    ~~~~~~~~~~~~~~~


✘ [ERROR] NG8002: Can't bind to 'matTooltip' since it isn't a known property of 'button'. [plugin angular-compiler]

    src/app/shared/components/page-header/page-header.component.ts:16:10:
      16 │           [matTooltip]="backTooltip"
         ╵           ~~~~~~~~~~~~~~~~~~~~~~~~~~


✘ [ERROR] NG8002: Can't bind to 'formGroup' since it isn't a known property of 'form'. [plugin angular-compiler]

    src/app/shared/components/stepper-form/stepper-form.component.ts:30:10:
      30 │     <form [formGroup]="formGroup" (ngSubmit)="onSubmit()" *ngIf="!...
         ╵           ~~~~~~~~~~~~~~~~~~~~~~~


✘ [ERROR] NG2: Type 'FormGroup<any> | undefined' is not assignable to type 'AbstractControlLike'.
  Type 'undefined' is not assignable to type 'AbstractControlLike'. [plugin angular-compiler]

    src/app/shared/components/stepper-form/stepper-form.component.ts:34:11:
      34 │           [stepControl]="step.stepControl"
         ╵            ~~~~~~~~~~~


